Flutter crash report.
Please report a bug at https://github.com/flutter/flutter/issues.

## command

flutter pub get --no-example

## exception

PathNotFoundException: PathNotFoundException: Deletion failed, path = 'C:\Users\murak\OneDrive\Desktop\f_project\outpassify\windows\flutter\ephemeral\.plugin_symlinks' (OS Error: The system cannot find the file specified.
, errno = 2)

```
#0      _Directory._deleteSync (dart:io/directory_impl.dart:188:7)
#1      FileSystemEntity.deleteSync (dart:io/file_system_entity.dart:407:7)
#2      ForwardingFileSystemEntity.deleteSync (package:file/src/forwarding/forwarding_file_system_entity.dart:70:16)
#3      ErrorHandlingDirectory.deleteSync.<anonymous closure> (package:flutter_tools/src/base/error_handling_io.dart:487:22)
#4      _runSync (package:flutter_tools/src/base/error_handling_io.dart:595:14)
#5      ErrorHandlingDirectory.deleteSync (package:flutter_tools/src/base/error_handling_io.dart:486:12)
#6      _createPlatformPluginSymlinks (package:flutter_tools/src/flutter_plugins.dart:967:22)
#7      createPluginSymlinks (package:flutter_tools/src/flutter_plugins.dart:903:5)
#8      refreshPluginsList (package:flutter_tools/src/flutter_plugins.dart:1013:5)
<asynchronous suspension>
#9      FlutterProject.ensureReadyForPlatformSpecificTooling (package:flutter_tools/src/project.dart:367:5)
<asynchronous suspension>
#10     PackagesGetCommand.runCommand (package:flutter_tools/src/commands/packages.dart:383:7)
<asynchronous suspension>
#11     FlutterCommand.run.<anonymous closure> (package:flutter_tools/src/runner/flutter_command.dart:1394:27)
<asynchronous suspension>
#12     AppContext.run.<anonymous closure> (package:flutter_tools/src/base/context.dart:153:19)
<asynchronous suspension>
#13     CommandRunner.runCommand (package:args/command_runner.dart:212:13)
<asynchronous suspension>
#14     FlutterCommandRunner.runCommand.<anonymous closure> (package:flutter_tools/src/runner/flutter_command_runner.dart:372:9)
<asynchronous suspension>
#15     AppContext.run.<anonymous closure> (package:flutter_tools/src/base/context.dart:153:19)
<asynchronous suspension>
#16     FlutterCommandRunner.runCommand (package:flutter_tools/src/runner/flutter_command_runner.dart:308:5)
<asynchronous suspension>
#17     run.<anonymous closure>.<anonymous closure> (package:flutter_tools/runner.dart:130:9)
<asynchronous suspension>
#18     AppContext.run.<anonymous closure> (package:flutter_tools/src/base/context.dart:153:19)
<asynchronous suspension>
#19     main (package:flutter_tools/executable.dart:93:3)
<asynchronous suspension>
```

## flutter doctor

```
[✓] Flutter (Channel stable, 3.22.3, on Microsoft Windows [Version 10.0.22631.4037], locale en-IN)
    • Flutter version 3.22.3 on channel stable at C:\Users\murak\Downloads\flutter_windows_3.10.1-stable\flutter
    • Upstream repository https://github.com/flutter/flutter.git
    • Framework revision b0850beeb2 (7 weeks ago), 2024-07-16 21:43:41 -0700
    • Engine revision 235db911ba
    • Dart version 3.4.4
    • DevTools version 2.34.3

[✓] Windows Version (Installed version of Windows is version 10 or higher)

[✓] Android toolchain - develop for Android devices (Android SDK version 34.0.0-rc4)
    • Android SDK at C:\Users\murak\AppData\Local\Android\Sdk
    • Platform android-34, build-tools 34.0.0-rc4
    • Java binary at: C:\Program Files\Android\Android Studio\jbr\bin\java
    • Java version OpenJDK Runtime Environment (build 17.0.6+0-b2043.56-9586694)
    • All Android licenses accepted.

[✓] Chrome - develop for the web
    • Chrome at C:\Program Files\Google\Chrome\Application\chrome.exe

[✗] Visual Studio - develop Windows apps
    ✗ Visual Studio not installed; this is necessary to develop Windows apps.
      Download at https://visualstudio.microsoft.com/downloads/.
      Please install the "Desktop development with C++" workload, including all of its default components

[✓] Android Studio (version 2022.2)
    • Android Studio at C:\Program Files\Android\Android Studio
    • Flutter plugin can be installed from:
      🔨 https://plugins.jetbrains.com/plugin/9212-flutter
    • Dart plugin can be installed from:
      🔨 https://plugins.jetbrains.com/plugin/6351-dart
    • android-studio-dir = C:\Program Files\Android\Android Studio
    • Java version OpenJDK Runtime Environment (build 17.0.6+0-b2043.56-9586694)

[✓] VS Code (version 1.92.2)
    • VS Code at C:\Users\murak\AppData\Local\Programs\Microsoft VS Code
    • Flutter extension version 3.94.0

[✓] Connected device (4 available)
    • CPH2617 (mobile)  • 6H6PINSWHMJRIVMZ • android-arm64  • Android 14 (API 34)
    • Windows (desktop) • windows          • windows-x64    • Microsoft Windows [Version 10.0.22631.4037]
    • Chrome (web)      • chrome           • web-javascript • Google Chrome 128.0.6613.86
    • Edge (web)        • edge             • web-javascript • Microsoft Edge 128.0.2739.54

[✓] Network resources
    • All expected network resources are available.

! Doctor found issues in 1 category.
```
